<?xml version="1.0" encoding="UTF-8"?>
<!-- Generated by org.testng.reporters.JUnitReportReporter -->
<testsuite hostname="System" name="com.PhysicianPortal.test.PhysicianPortalFeatures" tests="1" failures="0" timestamp="28 Feb 2018 05:12:16 GMT" time="17.187" errors="0">
  <testcase name="login" time="17.187" classname="com.PhysicianPortal.test.PhysicianPortalFeatures"/>
</testsuite> <!-- com.PhysicianPortal.test.PhysicianPortalFeatures -->
